<!doctype html>
<html lang="en"><head><meta charSet="utf-8"/><meta http-equiv="X-UA-Compatible" content="IE=edge"/><meta name="viewport" content="width=device-width, initial-scale=1"/><title>Mochawesome Report</title><link rel="stylesheet" href="assets\app.css"/></head><body data-raw="{&quot;stats&quot;:{&quot;suites&quot;:1,&quot;tests&quot;:3,&quot;passes&quot;:1,&quot;pending&quot;:0,&quot;failures&quot;:2,&quot;start&quot;:&quot;2023-03-20T17:34:29.080Z&quot;,&quot;end&quot;:&quot;2023-03-20T17:34:32.509Z&quot;,&quot;duration&quot;:3429,&quot;testsRegistered&quot;:3,&quot;passPercent&quot;:33.33333333333333,&quot;pendingPercent&quot;:0,&quot;other&quot;:0,&quot;hasOther&quot;:false,&quot;skipped&quot;:0,&quot;hasSkipped&quot;:false},&quot;results&quot;:[{&quot;uuid&quot;:&quot;74194b5e-a271-4471-932a-d2367ed1aebd&quot;,&quot;title&quot;:&quot;&quot;,&quot;fullFile&quot;:&quot;C:\\Users\\USER\\Documents\\Dufuna-CodeCamp-21\\tests\\Dom\\dom.js&quot;,&quot;file&quot;:&quot;\\dom.js&quot;,&quot;beforeHooks&quot;:[],&quot;afterHooks&quot;:[],&quot;tests&quot;:[],&quot;suites&quot;:[{&quot;uuid&quot;:&quot;c52625c0-254b-49f7-a693-67a21d2199e8&quot;,&quot;title&quot;:&quot;Testing Scholars Project&quot;,&quot;fullFile&quot;:&quot;C:\\Users\\USER\\Documents\\Dufuna-CodeCamp-21\\tests\\Dom\\dom.js&quot;,&quot;file&quot;:&quot;\\dom.js&quot;,&quot;beforeHooks&quot;:[{&quot;title&quot;:&quot;\&quot;before all\&quot; hook: setupWebdriver in \&quot;Testing Scholars Project\&quot;&quot;,&quot;fullTitle&quot;:&quot;Testing Scholars Project \&quot;before all\&quot; hook: setupWebdriver in \&quot;Testing Scholars Project\&quot;&quot;,&quot;timedOut&quot;:false,&quot;duration&quot;:3130,&quot;pass&quot;:false,&quot;fail&quot;:false,&quot;pending&quot;:false,&quot;code&quot;:&quot;var file_url = `file://${file_path}`;\ndriver.get(file_url).then(done);&quot;,&quot;err&quot;:{},&quot;uuid&quot;:&quot;608117ad-734e-440d-9102-3f910646690f&quot;,&quot;parentUUID&quot;:&quot;c52625c0-254b-49f7-a693-67a21d2199e8&quot;,&quot;isHook&quot;:true,&quot;skipped&quot;:false}],&quot;afterHooks&quot;:[{&quot;title&quot;:&quot;\&quot;after all\&quot; hook in \&quot;Testing Scholars Project\&quot;&quot;,&quot;fullTitle&quot;:&quot;Testing Scholars Project \&quot;after all\&quot; hook in \&quot;Testing Scholars Project\&quot;&quot;,&quot;timedOut&quot;:false,&quot;duration&quot;:0,&quot;pass&quot;:false,&quot;fail&quot;:false,&quot;pending&quot;:false,&quot;code&quot;:&quot;driver.quit();&quot;,&quot;err&quot;:{},&quot;uuid&quot;:&quot;a629ed9c-b510-48ba-a352-95001d825d3e&quot;,&quot;parentUUID&quot;:&quot;c52625c0-254b-49f7-a693-67a21d2199e8&quot;,&quot;isHook&quot;:true,&quot;skipped&quot;:false}],&quot;tests&quot;:[{&quot;title&quot;:&quot;test case: check dropdown&quot;,&quot;fullTitle&quot;:&quot;Testing Scholars Project test case: check dropdown&quot;,&quot;timedOut&quot;:false,&quot;duration&quot;:44,&quot;state&quot;:&quot;failed&quot;,&quot;pass&quot;:false,&quot;fail&quot;:true,&quot;pending&quot;:false,&quot;code&quot;:&quot;const element = await driver.findElement(By.css(\&quot;select\&quot;)).isDisplayed();\nassert(element == true)&quot;,&quot;err&quot;:{&quot;message&quot;:&quot;NoSuchElementError: no such element: Unable to locate element: {\&quot;method\&quot;:\&quot;css selector\&quot;,\&quot;selector\&quot;:\&quot;select\&quot;}\n  (Session info: chrome=111.0.5563.65)&quot;,&quot;estack&quot;:&quot;NoSuchElementError: no such element: Unable to locate element: {\&quot;method\&quot;:\&quot;css selector\&quot;,\&quot;selector\&quot;:\&quot;select\&quot;}\n  (Session info: chrome=111.0.5563.65)\n    at Object.throwDecodedError (C:\\Users\\USER\\Documents\\node_modules\\selenium-webdriver\\lib\\error.js:524:15)\n    at parseHttpResponse (C:\\Users\\USER\\Documents\\node_modules\\selenium-webdriver\\lib\\http.js:587:13)\n    at Executor.execute (C:\\Users\\USER\\Documents\\node_modules\\selenium-webdriver\\lib\\http.js:515:28)\n    at processTicksAndRejections (internal/process/task_queues.js:95:5)\n    at async thenableWebDriverProxy.execute (C:\\Users\\USER\\Documents\\node_modules\\selenium-webdriver\\lib\\webdriver.js:745:17)\n    at async toWireValue (C:\\Users\\USER\\Documents\\node_modules\\selenium-webdriver\\lib\\webdriver.js:145:15)\n    at async C:\\Users\\USER\\Documents\\node_modules\\selenium-webdriver\\lib\\webdriver.js:195:16\n    at async forEachKey (C:\\Users\\USER\\Documents\\node_modules\\selenium-webdriver\\lib\\webdriver.js:189:9)\n    at async convertKeys (C:\\Users\\USER\\Documents\\node_modules\\selenium-webdriver\\lib\\webdriver.js:194:3)\n    at async thenableWebDriverProxy.execute (C:\\Users\\USER\\Documents\\node_modules\\selenium-webdriver\\lib\\webdriver.js:743:22)\n    at async Context.&lt;anonymous&gt; (dom.js:24:25)&quot;},&quot;uuid&quot;:&quot;affc76fd-b61a-4952-b7d1-e5e474f2ce8a&quot;,&quot;parentUUID&quot;:&quot;c52625c0-254b-49f7-a693-67a21d2199e8&quot;,&quot;isHook&quot;:false,&quot;skipped&quot;:false},{&quot;title&quot;:&quot;test case: check options in dropdown&quot;,&quot;fullTitle&quot;:&quot;Testing Scholars Project test case: check options in dropdown&quot;,&quot;timedOut&quot;:false,&quot;duration&quot;:117,&quot;state&quot;:&quot;failed&quot;,&quot;pass&quot;:false,&quot;fail&quot;:true,&quot;pending&quot;:false,&quot;code&quot;:&quot;driver.findElement(By.css(\&quot;select\&quot;)).click();\nconst option = await driver.findElement(By.css(\&quot;option\&quot;)).isDisplayed();\nassert(option == true)&quot;,&quot;err&quot;:{&quot;message&quot;:&quot;AssertionError: Unspecified AssertionError&quot;,&quot;estack&quot;:&quot;AssertionError: Unspecified AssertionError\n    at Context.&lt;anonymous&gt; (dom.js:31:9)\n    at processTicksAndRejections (internal/process/task_queues.js:95:5)&quot;},&quot;uuid&quot;:&quot;0048daae-58e9-40ff-8943-7a521be10ed7&quot;,&quot;parentUUID&quot;:&quot;c52625c0-254b-49f7-a693-67a21d2199e8&quot;,&quot;isHook&quot;:false,&quot;skipped&quot;:false},{&quot;title&quot;:&quot;test case: check options in dropdown&quot;,&quot;fullTitle&quot;:&quot;Testing Scholars Project test case: check options in dropdown&quot;,&quot;timedOut&quot;:false,&quot;duration&quot;:45,&quot;state&quot;:&quot;passed&quot;,&quot;speed&quot;:&quot;medium&quot;,&quot;pass&quot;:true,&quot;fail&quot;:false,&quot;pending&quot;:false,&quot;code&quot;:&quot;driver.findElement(By.css(\&quot;select\&quot;)).click();\nconst options = await driver.findElements(By.css(\&quot;option\&quot;));\nconst first_option = options[1];\noptions.forEach(option =&gt; validateImage(option, first_option));\nasync function validateImage(item, arr) {\n    arr = item.click();\n    const images = await driver.findElements(By.css(\&quot;img\&quot;));\n    const validate = images.length\n    assert.equal(validate, 10, `Ensure the images change when you click on any option`)\n}&quot;,&quot;err&quot;:{},&quot;uuid&quot;:&quot;31924f4a-841c-4603-8fa1-07c2315b570d&quot;,&quot;parentUUID&quot;:&quot;c52625c0-254b-49f7-a693-67a21d2199e8&quot;,&quot;isHook&quot;:false,&quot;skipped&quot;:false}],&quot;suites&quot;:[],&quot;passes&quot;:[&quot;31924f4a-841c-4603-8fa1-07c2315b570d&quot;],&quot;failures&quot;:[&quot;affc76fd-b61a-4952-b7d1-e5e474f2ce8a&quot;,&quot;0048daae-58e9-40ff-8943-7a521be10ed7&quot;],&quot;pending&quot;:[],&quot;skipped&quot;:[],&quot;duration&quot;:206,&quot;root&quot;:false,&quot;rootEmpty&quot;:false,&quot;_timeout&quot;:180000}],&quot;passes&quot;:[],&quot;failures&quot;:[],&quot;pending&quot;:[],&quot;skipped&quot;:[],&quot;duration&quot;:0,&quot;root&quot;:true,&quot;rootEmpty&quot;:true,&quot;_timeout&quot;:2000}],&quot;meta&quot;:{&quot;mocha&quot;:{&quot;version&quot;:&quot;10.2.0&quot;},&quot;mochawesome&quot;:{&quot;options&quot;:{&quot;quiet&quot;:true,&quot;reportFilename&quot;:&quot;logfile&quot;,&quot;saveHtml&quot;:true,&quot;saveJson&quot;:true,&quot;consoleReporter&quot;:&quot;spec&quot;,&quot;useInlineDiffs&quot;:false,&quot;code&quot;:true},&quot;version&quot;:&quot;7.1.3&quot;},&quot;marge&quot;:{&quot;options&quot;:{&quot;reportDir&quot;:&quot;C:/Users/USER/Documents/Dufuna-CodeCamp-21/tests/Dom/../..//tests/&quot;,&quot;reportFilename&quot;:&quot;logfile&quot;,&quot;quiet&quot;:&quot;true&quot;},&quot;version&quot;:&quot;6.2.0&quot;}}}" data-config="{&quot;reportFilename&quot;:&quot;logfile&quot;,&quot;reportDir&quot;:&quot;C:/Users/USER/Documents/Dufuna-CodeCamp-21/tests/Dom/../..//tests/&quot;,&quot;reportTitle&quot;:&quot;Dom&quot;,&quot;reportPageTitle&quot;:&quot;Mochawesome Report&quot;,&quot;inline&quot;:false,&quot;inlineAssets&quot;:false,&quot;cdn&quot;:false,&quot;charts&quot;:false,&quot;enableCharts&quot;:false,&quot;code&quot;:true,&quot;enableCode&quot;:true,&quot;autoOpen&quot;:false,&quot;overwrite&quot;:true,&quot;timestamp&quot;:false,&quot;ts&quot;:false,&quot;showPassed&quot;:true,&quot;showFailed&quot;:true,&quot;showPending&quot;:true,&quot;showSkipped&quot;:false,&quot;showHooks&quot;:&quot;failed&quot;,&quot;saveJson&quot;:true,&quot;saveHtml&quot;:true,&quot;dev&quot;:false,&quot;assetsDir&quot;:&quot;C:\\Users\\USER\\Documents\\Dufuna-CodeCamp-21\\tests\\assets&quot;,&quot;jsonFile&quot;:&quot;C:\\Users\\USER\\Documents\\Dufuna-CodeCamp-21\\tests\\logfile.json&quot;,&quot;htmlFile&quot;:&quot;C:\\Users\\USER\\Documents\\Dufuna-CodeCamp-21\\tests\\logfile.html&quot;}"><div id="report"></div><script src="assets\app.js"></script></body></html>