{
  "stats": {
    "suites": 1,
    "tests": 3,
    "passes": 1,
    "pending": 0,
    "failures": 2,
    "start": "2023-03-20T17:34:29.080Z",
    "end": "2023-03-20T17:34:32.509Z",
    "duration": 3429,
    "testsRegistered": 3,
    "passPercent": 33.33333333333333,
    "pendingPercent": 0,
    "other": 0,
    "hasOther": false,
    "skipped": 0,
    "hasSkipped": false
  },
  "results": [
    {
      "uuid": "74194b5e-a271-4471-932a-d2367ed1aebd",
      "title": "",
      "fullFile": "C:\\Users\\USER\\Documents\\Dufuna-CodeCamp-21\\tests\\Dom\\dom.js",
      "file": "\\dom.js",
      "beforeHooks": [],
      "afterHooks": [],
      "tests": [],
      "suites": [
        {
          "uuid": "c52625c0-254b-49f7-a693-67a21d2199e8",
          "title": "Testing Scholars Project",
          "fullFile": "C:\\Users\\USER\\Documents\\Dufuna-CodeCamp-21\\tests\\Dom\\dom.js",
          "file": "\\dom.js",
          "beforeHooks": [
            {
              "title": "\"before all\" hook: setupWebdriver in \"Testing Scholars Project\"",
              "fullTitle": "Testing Scholars Project \"before all\" hook: setupWebdriver in \"Testing Scholars Project\"",
              "timedOut": false,
              "duration": 3130,
              "state": null,
              "speed": null,
              "pass": false,
              "fail": false,
              "pending": false,
              "context": null,
              "code": "var file_url = `file://${file_path}`;\ndriver.get(file_url).then(done);",
              "err": {},
              "uuid": "608117ad-734e-440d-9102-3f910646690f",
              "parentUUID": "c52625c0-254b-49f7-a693-67a21d2199e8",
              "isHook": true,
              "skipped": false
            }
          ],
          "afterHooks": [
            {
              "title": "\"after all\" hook in \"Testing Scholars Project\"",
              "fullTitle": "Testing Scholars Project \"after all\" hook in \"Testing Scholars Project\"",
              "timedOut": false,
              "duration": 0,
              "state": null,
              "speed": null,
              "pass": false,
              "fail": false,
              "pending": false,
              "context": null,
              "code": "driver.quit();",
              "err": {},
              "uuid": "a629ed9c-b510-48ba-a352-95001d825d3e",
              "parentUUID": "c52625c0-254b-49f7-a693-67a21d2199e8",
              "isHook": true,
              "skipped": false
            }
          ],
          "tests": [
            {
              "title": "test case: check dropdown",
              "fullTitle": "Testing Scholars Project test case: check dropdown",
              "timedOut": false,
              "duration": 44,
              "state": "failed",
              "speed": null,
              "pass": false,
              "fail": true,
              "pending": false,
              "context": null,
              "code": "const element = await driver.findElement(By.css(\"select\")).isDisplayed();\nassert(element == true)",
              "err": {
                "message": "NoSuchElementError: no such element: Unable to locate element: {\"method\":\"css selector\",\"selector\":\"select\"}\n  (Session info: chrome=111.0.5563.65)",
                "estack": "NoSuchElementError: no such element: Unable to locate element: {\"method\":\"css selector\",\"selector\":\"select\"}\n  (Session info: chrome=111.0.5563.65)\n    at Object.throwDecodedError (C:\\Users\\USER\\Documents\\node_modules\\selenium-webdriver\\lib\\error.js:524:15)\n    at parseHttpResponse (C:\\Users\\USER\\Documents\\node_modules\\selenium-webdriver\\lib\\http.js:587:13)\n    at Executor.execute (C:\\Users\\USER\\Documents\\node_modules\\selenium-webdriver\\lib\\http.js:515:28)\n    at processTicksAndRejections (internal/process/task_queues.js:95:5)\n    at async thenableWebDriverProxy.execute (C:\\Users\\USER\\Documents\\node_modules\\selenium-webdriver\\lib\\webdriver.js:745:17)\n    at async toWireValue (C:\\Users\\USER\\Documents\\node_modules\\selenium-webdriver\\lib\\webdriver.js:145:15)\n    at async C:\\Users\\USER\\Documents\\node_modules\\selenium-webdriver\\lib\\webdriver.js:195:16\n    at async forEachKey (C:\\Users\\USER\\Documents\\node_modules\\selenium-webdriver\\lib\\webdriver.js:189:9)\n    at async convertKeys (C:\\Users\\USER\\Documents\\node_modules\\selenium-webdriver\\lib\\webdriver.js:194:3)\n    at async thenableWebDriverProxy.execute (C:\\Users\\USER\\Documents\\node_modules\\selenium-webdriver\\lib\\webdriver.js:743:22)\n    at async Context.<anonymous> (dom.js:24:25)",
                "diff": null
              },
              "uuid": "affc76fd-b61a-4952-b7d1-e5e474f2ce8a",
              "parentUUID": "c52625c0-254b-49f7-a693-67a21d2199e8",
              "isHook": false,
              "skipped": false
            },
            {
              "title": "test case: check options in dropdown",
              "fullTitle": "Testing Scholars Project test case: check options in dropdown",
              "timedOut": false,
              "duration": 117,
              "state": "failed",
              "speed": null,
              "pass": false,
              "fail": true,
              "pending": false,
              "context": null,
              "code": "driver.findElement(By.css(\"select\")).click();\nconst option = await driver.findElement(By.css(\"option\")).isDisplayed();\nassert(option == true)",
              "err": {
                "message": "AssertionError: Unspecified AssertionError",
                "estack": "AssertionError: Unspecified AssertionError\n    at Context.<anonymous> (dom.js:31:9)\n    at processTicksAndRejections (internal/process/task_queues.js:95:5)",
                "diff": null
              },
              "uuid": "0048daae-58e9-40ff-8943-7a521be10ed7",
              "parentUUID": "c52625c0-254b-49f7-a693-67a21d2199e8",
              "isHook": false,
              "skipped": false
            },
            {
              "title": "test case: check options in dropdown",
              "fullTitle": "Testing Scholars Project test case: check options in dropdown",
              "timedOut": false,
              "duration": 45,
              "state": "passed",
              "speed": "medium",
              "pass": true,
              "fail": false,
              "pending": false,
              "context": null,
              "code": "driver.findElement(By.css(\"select\")).click();\nconst options = await driver.findElements(By.css(\"option\"));\nconst first_option = options[1];\noptions.forEach(option => validateImage(option, first_option));\nasync function validateImage(item, arr) {\n    arr = item.click();\n    const images = await driver.findElements(By.css(\"img\"));\n    const validate = images.length\n    assert.equal(validate, 10, `Ensure the images change when you click on any option`)\n}",
              "err": {},
              "uuid": "31924f4a-841c-4603-8fa1-07c2315b570d",
              "parentUUID": "c52625c0-254b-49f7-a693-67a21d2199e8",
              "isHook": false,
              "skipped": false
            }
          ],
          "suites": [],
          "passes": [
            "31924f4a-841c-4603-8fa1-07c2315b570d"
          ],
          "failures": [
            "affc76fd-b61a-4952-b7d1-e5e474f2ce8a",
            "0048daae-58e9-40ff-8943-7a521be10ed7"
          ],
          "pending": [],
          "skipped": [],
          "duration": 206,
          "root": false,
          "rootEmpty": false,
          "_timeout": 180000
        }
      ],
      "passes": [],
      "failures": [],
      "pending": [],
      "skipped": [],
      "duration": 0,
      "root": true,
      "rootEmpty": true,
      "_timeout": 2000
    }
  ],
  "meta": {
    "mocha": {
      "version": "10.2.0"
    },
    "mochawesome": {
      "options": {
        "quiet": true,
        "reportFilename": "logfile",
        "saveHtml": true,
        "saveJson": true,
        "consoleReporter": "spec",
        "useInlineDiffs": false,
        "code": true
      },
      "version": "7.1.3"
    },
    "marge": {
      "options": {
        "reportDir": "C:/Users/USER/Documents/Dufuna-CodeCamp-21/tests/Dom/../..//tests/",
        "reportFilename": "logfile",
        "quiet": "true"
      },
      "version": "6.2.0"
    }
  }
}